	.text
	.syntax unified
	.eabi_attribute	67, "2.09"	@ Tag_conformance
	.cpu	cortex-m4
	.eabi_attribute	6, 13	@ Tag_CPU_arch
	.eabi_attribute	7, 77	@ Tag_CPU_arch_profile
	.eabi_attribute	8, 0	@ Tag_ARM_ISA_use
	.eabi_attribute	9, 2	@ Tag_THUMB_ISA_use
	.fpu	fpv4-sp-d16
	.eabi_attribute	27, 1	@ Tag_ABI_HardFP_use
	.eabi_attribute	36, 1	@ Tag_FP_HP_extension
	.eabi_attribute	34, 1	@ Tag_CPU_unaligned_access
	.eabi_attribute	17, 1	@ Tag_ABI_PCS_GOT_use
	.eabi_attribute	20, 2	@ Tag_ABI_FP_denormal
	.eabi_attribute	21, 0	@ Tag_ABI_FP_exceptions
	.eabi_attribute	23, 1	@ Tag_ABI_FP_number_model
	.eabi_attribute	24, 1	@ Tag_ABI_align_needed
	.eabi_attribute	25, 1	@ Tag_ABI_align_preserved
	.eabi_attribute	28, 1	@ Tag_ABI_VFP_args
	.eabi_attribute	38, 1	@ Tag_ABI_FP_16bit_format
	.eabi_attribute	18, 2	@ Tag_ABI_PCS_wchar_t
	.eabi_attribute	26, 1	@ Tag_ABI_enum_size
	.eabi_attribute	14, 0	@ Tag_ABI_PCS_R9_use
	.file	"PortF.c"
	.file	1 "C:\\" "Keil_v5\\ARM\\ARMCLANG\\Bin\\..\\include\\stdint.h"
	.section	.text.PortF_Init,"ax",%progbits
	.hidden	PortF_Init              @ -- Begin function PortF_Init
	.globl	PortF_Init
	.p2align	2
	.type	PortF_Init,%function
	.code	16                      @ @PortF_Init
	.thumb_func
PortF_Init:
.Lfunc_begin0:
	.file	2 "C:\\Users\\kcao3\\OneDrive\\Documents\\445L\\EE445L-SP22-Lab-4\\SW" "inc/PortF.c"
	.loc	2 28 0                  @ inc/PortF.c:28:0
	.fnstart
	.cfi_sections .debug_frame
	.cfi_startproc
@ %bb.0:
	.pad	#4
	sub	sp, #4
	.cfi_def_cfa_offset 4
	movw	r0, #58888
	movt	r0, #16399
.Ltmp0:
	.loc	2 29 21 prologue_end    @ inc/PortF.c:29:21
	ldr	r1, [r0]
	orr	r1, r1, #32
	str	r1, [r0]
	.loc	2 30 11                 @ inc/PortF.c:30:11
	ldr	r0, [r0]
	.loc	2 30 9 is_stmt 0        @ inc/PortF.c:30:9
	str	r0, [sp]
	movw	r0, #21792
	movt	r0, #16386
	movw	r1, #17227
	movt	r1, #19535
	.loc	2 31 21 is_stmt 1       @ inc/PortF.c:31:21
	str	r1, [r0]
	movw	r0, #21796
	movt	r0, #16386
	movs	r1, #31
	.loc	2 32 19                 @ inc/PortF.c:32:19
	str	r1, [r0]
	movw	r0, #21800
	movt	r0, #16386
	movs	r2, #0
	.loc	2 34 22                 @ inc/PortF.c:34:22
	str	r2, [r0]
	movw	r0, #21804
	movt	r0, #16386
	.loc	2 35 21                 @ inc/PortF.c:35:21
	str	r2, [r0]
	movw	r0, #21504
	movt	r0, #16386
	movs	r3, #14
	.loc	2 36 20                 @ inc/PortF.c:36:20
	str	r3, [r0]
	movw	r0, #21536
	movt	r0, #16386
	.loc	2 37 22                 @ inc/PortF.c:37:22
	str	r2, [r0]
	movw	r0, #21776
	movt	r0, #16386
	movs	r2, #17
	.loc	2 38 20                 @ inc/PortF.c:38:20
	str	r2, [r0]
	movw	r0, #21788
	movt	r0, #16386
	.loc	2 39 20                 @ inc/PortF.c:39:20
	str	r1, [r0]
	.loc	2 40 1                  @ inc/PortF.c:40:1
	add	sp, #4
	bx	lr
.Ltmp1:
.Lfunc_end0:
	.size	PortF_Init, .Lfunc_end0-PortF_Init
	.cfi_endproc
	.cantunwind
	.fnend
                                        @ -- End function
	.section	.text.PortF_Input,"ax",%progbits
	.hidden	PortF_Input             @ -- Begin function PortF_Input
	.globl	PortF_Input
	.p2align	2
	.type	PortF_Input,%function
	.code	16                      @ @PortF_Input
	.thumb_func
PortF_Input:
.Lfunc_begin1:
	.loc	2 44 0                  @ inc/PortF.c:44:0
	.fnstart
	.cfi_startproc
@ %bb.0:
	movw	r0, #21500
	movt	r0, #16386
.Ltmp2:
	.loc	2 45 11 prologue_end    @ inc/PortF.c:45:11
	ldr	r0, [r0]
	.loc	2 45 28 is_stmt 0       @ inc/PortF.c:45:28
	and	r0, r0, #17
	.loc	2 45 3                  @ inc/PortF.c:45:3
	bx	lr
.Ltmp3:
.Lfunc_end1:
	.size	PortF_Input, .Lfunc_end1-PortF_Input
	.cfi_endproc
	.cantunwind
	.fnend
                                        @ -- End function
	.section	.text.PortF_Output,"ax",%progbits
	.hidden	PortF_Output            @ -- Begin function PortF_Output
	.globl	PortF_Output
	.p2align	2
	.type	PortF_Output,%function
	.code	16                      @ @PortF_Output
	.thumb_func
PortF_Output:
.Lfunc_begin2:
	.loc	2 49 0 is_stmt 1        @ inc/PortF.c:49:0
	.fnstart
	.cfi_startproc
@ %bb.0:
	.pad	#4
	sub	sp, #4
	.cfi_def_cfa_offset 4
	str	r0, [sp]
.Ltmp4:
	.loc	2 50 23 prologue_end    @ inc/PortF.c:50:23
	ldr	r0, [sp]
	movw	r1, #21500
	movt	r1, #16386
	.loc	2 50 21 is_stmt 0       @ inc/PortF.c:50:21
	str	r0, [r1]
	.loc	2 51 1 is_stmt 1        @ inc/PortF.c:51:1
	add	sp, #4
	bx	lr
.Ltmp5:
.Lfunc_end2:
	.size	PortF_Output, .Lfunc_end2-PortF_Output
	.cfi_endproc
	.cantunwind
	.fnend
                                        @ -- End function
	.section	.debug_str,"MS",%progbits,1
.Linfo_string0:
	.asciz	"Component: ARM Compiler 6.13.1 Tool: armclang [5d895d00]" @ string offset=0
.Linfo_string1:
	.asciz	"inc\\PortF.c"          @ string offset=57
.Linfo_string2:
	.asciz	"C:\\Users\\kcao3\\OneDrive\\Documents\\445L\\EE445L-SP22-Lab-4\\SW" @ string offset=69
.Linfo_string3:
	.asciz	"unsigned int"          @ string offset=129
.Linfo_string4:
	.asciz	"uint32_t"              @ string offset=142
.Linfo_string5:
	.asciz	"PortF_Init"            @ string offset=151
.Linfo_string6:
	.asciz	"PortF_Input"           @ string offset=162
.Linfo_string7:
	.asciz	"PortF_Output"          @ string offset=174
.Linfo_string8:
	.asciz	"delay"                 @ string offset=187
.Linfo_string9:
	.asciz	"data"                  @ string offset=193
	.section	.debug_abbrev,"",%progbits
	.byte	1                       @ Abbreviation Code
	.byte	17                      @ DW_TAG_compile_unit
	.byte	1                       @ DW_CHILDREN_yes
	.byte	37                      @ DW_AT_producer
	.byte	14                      @ DW_FORM_strp
	.byte	19                      @ DW_AT_language
	.byte	5                       @ DW_FORM_data2
	.byte	3                       @ DW_AT_name
	.byte	14                      @ DW_FORM_strp
	.byte	16                      @ DW_AT_stmt_list
	.byte	6                       @ DW_FORM_data4
	.byte	27                      @ DW_AT_comp_dir
	.byte	14                      @ DW_FORM_strp
	.byte	17                      @ DW_AT_low_pc
	.byte	1                       @ DW_FORM_addr
	.byte	85                      @ DW_AT_ranges
	.byte	6                       @ DW_FORM_data4
	.byte	0                       @ EOM(1)
	.byte	0                       @ EOM(2)
	.byte	2                       @ Abbreviation Code
	.byte	15                      @ DW_TAG_pointer_type
	.byte	0                       @ DW_CHILDREN_no
	.byte	73                      @ DW_AT_type
	.byte	19                      @ DW_FORM_ref4
	.byte	0                       @ EOM(1)
	.byte	0                       @ EOM(2)
	.byte	3                       @ Abbreviation Code
	.byte	53                      @ DW_TAG_volatile_type
	.byte	0                       @ DW_CHILDREN_no
	.byte	73                      @ DW_AT_type
	.byte	19                      @ DW_FORM_ref4
	.byte	0                       @ EOM(1)
	.byte	0                       @ EOM(2)
	.byte	4                       @ Abbreviation Code
	.byte	22                      @ DW_TAG_typedef
	.byte	0                       @ DW_CHILDREN_no
	.byte	73                      @ DW_AT_type
	.byte	19                      @ DW_FORM_ref4
	.byte	3                       @ DW_AT_name
	.byte	14                      @ DW_FORM_strp
	.byte	58                      @ DW_AT_decl_file
	.byte	11                      @ DW_FORM_data1
	.byte	59                      @ DW_AT_decl_line
	.byte	11                      @ DW_FORM_data1
	.byte	0                       @ EOM(1)
	.byte	0                       @ EOM(2)
	.byte	5                       @ Abbreviation Code
	.byte	36                      @ DW_TAG_base_type
	.byte	0                       @ DW_CHILDREN_no
	.byte	3                       @ DW_AT_name
	.byte	14                      @ DW_FORM_strp
	.byte	62                      @ DW_AT_encoding
	.byte	11                      @ DW_FORM_data1
	.byte	11                      @ DW_AT_byte_size
	.byte	11                      @ DW_FORM_data1
	.byte	0                       @ EOM(1)
	.byte	0                       @ EOM(2)
	.byte	6                       @ Abbreviation Code
	.byte	46                      @ DW_TAG_subprogram
	.byte	1                       @ DW_CHILDREN_yes
	.byte	17                      @ DW_AT_low_pc
	.byte	1                       @ DW_FORM_addr
	.byte	18                      @ DW_AT_high_pc
	.byte	1                       @ DW_FORM_addr
	.byte	64                      @ DW_AT_frame_base
	.byte	10                      @ DW_FORM_block1
	.byte	3                       @ DW_AT_name
	.byte	14                      @ DW_FORM_strp
	.byte	58                      @ DW_AT_decl_file
	.byte	11                      @ DW_FORM_data1
	.byte	59                      @ DW_AT_decl_line
	.byte	11                      @ DW_FORM_data1
	.byte	39                      @ DW_AT_prototyped
	.byte	12                      @ DW_FORM_flag
	.byte	63                      @ DW_AT_external
	.byte	12                      @ DW_FORM_flag
	.byte	0                       @ EOM(1)
	.byte	0                       @ EOM(2)
	.byte	7                       @ Abbreviation Code
	.byte	52                      @ DW_TAG_variable
	.byte	0                       @ DW_CHILDREN_no
	.byte	2                       @ DW_AT_location
	.byte	10                      @ DW_FORM_block1
	.byte	3                       @ DW_AT_name
	.byte	14                      @ DW_FORM_strp
	.byte	58                      @ DW_AT_decl_file
	.byte	11                      @ DW_FORM_data1
	.byte	59                      @ DW_AT_decl_line
	.byte	11                      @ DW_FORM_data1
	.byte	73                      @ DW_AT_type
	.byte	19                      @ DW_FORM_ref4
	.byte	0                       @ EOM(1)
	.byte	0                       @ EOM(2)
	.byte	8                       @ Abbreviation Code
	.byte	46                      @ DW_TAG_subprogram
	.byte	0                       @ DW_CHILDREN_no
	.byte	17                      @ DW_AT_low_pc
	.byte	1                       @ DW_FORM_addr
	.byte	18                      @ DW_AT_high_pc
	.byte	1                       @ DW_FORM_addr
	.byte	64                      @ DW_AT_frame_base
	.byte	10                      @ DW_FORM_block1
	.byte	3                       @ DW_AT_name
	.byte	14                      @ DW_FORM_strp
	.byte	58                      @ DW_AT_decl_file
	.byte	11                      @ DW_FORM_data1
	.byte	59                      @ DW_AT_decl_line
	.byte	11                      @ DW_FORM_data1
	.byte	39                      @ DW_AT_prototyped
	.byte	12                      @ DW_FORM_flag
	.byte	73                      @ DW_AT_type
	.byte	19                      @ DW_FORM_ref4
	.byte	63                      @ DW_AT_external
	.byte	12                      @ DW_FORM_flag
	.byte	0                       @ EOM(1)
	.byte	0                       @ EOM(2)
	.byte	9                       @ Abbreviation Code
	.byte	5                       @ DW_TAG_formal_parameter
	.byte	0                       @ DW_CHILDREN_no
	.byte	2                       @ DW_AT_location
	.byte	10                      @ DW_FORM_block1
	.byte	3                       @ DW_AT_name
	.byte	14                      @ DW_FORM_strp
	.byte	58                      @ DW_AT_decl_file
	.byte	11                      @ DW_FORM_data1
	.byte	59                      @ DW_AT_decl_line
	.byte	11                      @ DW_FORM_data1
	.byte	73                      @ DW_AT_type
	.byte	19                      @ DW_FORM_ref4
	.byte	0                       @ EOM(1)
	.byte	0                       @ EOM(2)
	.byte	0                       @ EOM(3)
	.section	.debug_info,"",%progbits
.Lcu_begin0:
	.long	.Ldebug_info_end0-.Ldebug_info_start0 @ Length of Unit
.Ldebug_info_start0:
	.short	3                       @ DWARF version number
	.long	.debug_abbrev           @ Offset Into Abbrev. Section
	.byte	4                       @ Address Size (in bytes)
	.byte	1                       @ Abbrev [1] 0xb:0x93 DW_TAG_compile_unit
	.long	.Linfo_string0          @ DW_AT_producer
	.short	12                      @ DW_AT_language
	.long	.Linfo_string1          @ DW_AT_name
	.long	.Lline_table_start0     @ DW_AT_stmt_list
	.long	.Linfo_string2          @ DW_AT_comp_dir
	.long	0                       @ DW_AT_low_pc
	.long	.Ldebug_ranges0         @ DW_AT_ranges
	.byte	2                       @ Abbrev [2] 0x26:0x5 DW_TAG_pointer_type
	.long	43                      @ DW_AT_type
	.byte	3                       @ Abbrev [3] 0x2b:0x5 DW_TAG_volatile_type
	.long	48                      @ DW_AT_type
	.byte	4                       @ Abbrev [4] 0x30:0xb DW_TAG_typedef
	.long	59                      @ DW_AT_type
	.long	.Linfo_string4          @ DW_AT_name
	.byte	1                       @ DW_AT_decl_file
	.byte	64                      @ DW_AT_decl_line
	.byte	5                       @ Abbrev [5] 0x3b:0x7 DW_TAG_base_type
	.long	.Linfo_string3          @ DW_AT_name
	.byte	7                       @ DW_AT_encoding
	.byte	4                       @ DW_AT_byte_size
	.byte	6                       @ Abbrev [6] 0x42:0x22 DW_TAG_subprogram
	.long	.Lfunc_begin0           @ DW_AT_low_pc
	.long	.Lfunc_end0             @ DW_AT_high_pc
	.byte	1                       @ DW_AT_frame_base
	.byte	93
	.long	.Linfo_string5          @ DW_AT_name
	.byte	2                       @ DW_AT_decl_file
	.byte	28                      @ DW_AT_decl_line
	.byte	1                       @ DW_AT_prototyped
	.byte	1                       @ DW_AT_external
	.byte	7                       @ Abbrev [7] 0x55:0xe DW_TAG_variable
	.byte	2                       @ DW_AT_location
	.byte	145
	.byte	0
	.long	.Linfo_string8          @ DW_AT_name
	.byte	2                       @ DW_AT_decl_file
	.byte	28                      @ DW_AT_decl_line
	.long	43                      @ DW_AT_type
	.byte	0                       @ End Of Children Mark
	.byte	8                       @ Abbrev [8] 0x64:0x17 DW_TAG_subprogram
	.long	.Lfunc_begin1           @ DW_AT_low_pc
	.long	.Lfunc_end1             @ DW_AT_high_pc
	.byte	1                       @ DW_AT_frame_base
	.byte	93
	.long	.Linfo_string6          @ DW_AT_name
	.byte	2                       @ DW_AT_decl_file
	.byte	44                      @ DW_AT_decl_line
	.byte	1                       @ DW_AT_prototyped
	.long	48                      @ DW_AT_type
	.byte	1                       @ DW_AT_external
	.byte	6                       @ Abbrev [6] 0x7b:0x22 DW_TAG_subprogram
	.long	.Lfunc_begin2           @ DW_AT_low_pc
	.long	.Lfunc_end2             @ DW_AT_high_pc
	.byte	1                       @ DW_AT_frame_base
	.byte	93
	.long	.Linfo_string7          @ DW_AT_name
	.byte	2                       @ DW_AT_decl_file
	.byte	49                      @ DW_AT_decl_line
	.byte	1                       @ DW_AT_prototyped
	.byte	1                       @ DW_AT_external
	.byte	9                       @ Abbrev [9] 0x8e:0xe DW_TAG_formal_parameter
	.byte	2                       @ DW_AT_location
	.byte	145
	.byte	0
	.long	.Linfo_string9          @ DW_AT_name
	.byte	2                       @ DW_AT_decl_file
	.byte	49                      @ DW_AT_decl_line
	.long	48                      @ DW_AT_type
	.byte	0                       @ End Of Children Mark
	.byte	0                       @ End Of Children Mark
.Ldebug_info_end0:
	.section	.debug_ranges,"",%progbits
.Ldebug_ranges0:
	.long	.Lfunc_begin0
	.long	.Lfunc_end0
	.long	.Lfunc_begin1
	.long	.Lfunc_end1
	.long	.Lfunc_begin2
	.long	.Lfunc_end2
	.long	0
	.long	0
	.section	.debug_macinfo,"",%progbits
	.byte	0                       @ End Of Macro List Mark

	.ident	"Component: ARM Compiler 6.13.1 Tool: armclang [5d895d00]"
	.section	".note.GNU-stack","",%progbits
	.eabi_attribute	30, 6	@ Tag_ABI_optimization_goals
	.ARM_attribute	16, 1	@ Tag_AV_eba
	.section	.debug_line,"",%progbits
.Lline_table_start0:
